<?xml version="1.0" encoding="UTF-8"?>
<!-- Generated by org.testng.reporters.JUnitXMLReporter -->
<testsuite ignored="19" hostname="LAPTOP-QPCG3B49" failures="0" tests="1" name="Default test" time="5.091" errors="0" timestamp="2023-03-16T18:17:35 IST">
  <testcase classname="com.obsqura.TestNGProject.Locators" name="locatorPrecedingXpath" time="0.696"/>
  <testcase classname="com.obsqura.TestNGProject.Locators" name="locatorByName" time="0.0">
    <ignored/>
  </testcase> <!-- locatorByName -->
  <testcase classname="com.obsqura.TestNGProject.Locators" name="locatorByTagName" time="0.0">
    <ignored/>
  </testcase> <!-- locatorByTagName -->
  <testcase classname="com.obsqura.TestNGProject.Locators" name="locatorsStartsWithXpath" time="0.0">
    <ignored/>
  </testcase> <!-- locatorsStartsWithXpath -->
  <testcase classname="com.obsqura.TestNGProject.Locators" name="locatingByAncestorXpath" time="0.0">
    <ignored/>
  </testcase> <!-- locatingByAncestorXpath -->
  <testcase classname="com.obsqura.TestNGProject.Locators" name="locatorById" time="0.0">
    <ignored/>
  </testcase> <!-- locatorById -->
  <testcase classname="com.obsqura.TestNGProject.Locators" name="loactingParentXpath" time="0.0">
    <ignored/>
  </testcase> <!-- loactingParentXpath -->
  <testcase classname="com.obsqura.TestNGProject.Locators" name="locatorsSelfXpath" time="0.0">
    <ignored/>
  </testcase> <!-- locatorsSelfXpath -->
  <testcase classname="com.obsqura.TestNGProject.Locators" name="loactingchildXpath" time="0.0">
    <ignored/>
  </testcase> <!-- loactingchildXpath -->
  <testcase classname="com.obsqura.TestNGProject.Locators" name="locatorsAndXpath" time="0.0">
    <ignored/>
  </testcase> <!-- locatorsAndXpath -->
  <testcase classname="com.obsqura.TestNGProject.Locators" name="locatorByPartialLinkText" time="0.0">
    <ignored/>
  </testcase> <!-- locatorByPartialLinkText -->
  <testcase classname="com.obsqura.TestNGProject.Locators" name="locatorByXpath" time="0.0">
    <ignored/>
  </testcase> <!-- locatorByXpath -->
  <testcase classname="com.obsqura.TestNGProject.Locators" name="locatorByClass" time="0.0">
    <ignored/>
  </testcase> <!-- locatorByClass -->
  <testcase classname="com.obsqura.TestNGProject.Locators" name="locatorsORXpath" time="0.0">
    <ignored/>
  </testcase> <!-- locatorsORXpath -->
  <testcase classname="com.obsqura.TestNGProject.Locators" name="locatorsFolowingSiblingXpath" time="0.0">
    <ignored/>
  </testcase> <!-- locatorsFolowingSiblingXpath -->
  <testcase classname="com.obsqura.TestNGProject.Locators" name="locatorByCssSelector" time="0.0">
    <ignored/>
  </testcase> <!-- locatorByCssSelector -->
  <testcase classname="com.obsqura.TestNGProject.Locators" name="locatorFollowingXpath" time="0.0">
    <ignored/>
  </testcase> <!-- locatorFollowingXpath -->
  <testcase classname="com.obsqura.TestNGProject.Locators" name="locatorsByContainsXpath" time="0.0">
    <ignored/>
  </testcase> <!-- locatorsByContainsXpath -->
  <testcase classname="com.obsqura.TestNGProject.Locators" name="locatingByDescendantXpath" time="0.0">
    <ignored/>
  </testcase> <!-- locatingByDescendantXpath -->
  <testcase classname="com.obsqura.TestNGProject.Locators" name="locatorByLinkText" time="0.0">
    <ignored/>
  </testcase> <!-- locatorByLinkText -->
</testsuite> <!-- Default test -->
