<?xml version="1.0" encoding="UTF-8"?>
<!-- Generated by org.testng.reporters.JUnitXMLReporter -->
<testsuite ignored="0" hostname="LAPTOP-QPCG3B49" failures="0" tests="8" name="Default test" time="98.826" errors="0" timestamp="2023-02-22T17:16:09 IST">
  <testcase classname="com.obsqura.TestNGProject.Locators" name="locatorByClass" time="0.171"/>
  <testcase classname="com.obsqura.TestNGProject.Locators" name="locatorByCssSelector" time="0.225"/>
  <testcase classname="com.obsqura.TestNGProject.Locators" name="locatorById" time="10.411"/>
  <testcase classname="com.obsqura.TestNGProject.Locators" name="locatorByLinkText" time="0.366"/>
  <testcase classname="com.obsqura.TestNGProject.Locators" name="locatorByName" time="10.879"/>
  <testcase classname="com.obsqura.TestNGProject.Locators" name="locatorByPartialLinkText" time="0.396"/>
  <testcase classname="com.obsqura.TestNGProject.Locators" name="locatorByTagName" time="0.211"/>
  <testcase classname="com.obsqura.TestNGProject.Locators" name="locatorByXpath" time="0.263"/>
</testsuite> <!-- Default test -->
